<?xml version="1.0" encoding="UTF-8"?>
<!-- Generated by org.testng.reporters.JUnitReportReporter -->
<testsuite hostname="DESKTOP-BQF1K81" failures="0" tests="1" name="testcases.BillingAddressPage_Test" time="10.103" errors="0" timestamp="2022-11-12T21:45:49 IST" skipped="0">
  <testcase classname="testcases.BillingAddressPage_Test" name="BillingAdd" time="10.103"/>
  <system-out/>
</testsuite> <!-- testcases.BillingAddressPage_Test -->
