<?xml version="1.0" encoding="UTF-8"?>
<!-- Generated by org.testng.reporters.JUnitReportReporter -->
<testsuite hostname="DESKTOP-BQF1K81" failures="0" tests="1" name="testcases.SuccessOrderPage_Test" time="10.542" errors="0" timestamp="2022-11-12T21:45:49 IST" skipped="0">
  <testcase classname="testcases.SuccessOrderPage_Test" name="successOrder_Page" time="10.542"/>
  <system-out/>
</testsuite> <!-- testcases.SuccessOrderPage_Test -->
