<?xml version="1.0" encoding="UTF-8"?>
<!-- Generated by org.testng.reporters.JUnitReportReporter -->
<testsuite hostname="DESKTOP-BQF1K81" failures="0" tests="1" name="testcases.LoginPage_Test" time="6.422" errors="0" timestamp="2022-11-12T21:45:49 IST" skipped="0">
  <testcase classname="testcases.LoginPage_Test" name="EnterValidCredentials" time="6.422"/>
  <system-out/>
</testsuite> <!-- testcases.LoginPage_Test -->
