<?xml version="1.0" encoding="UTF-8"?>
<!-- Generated by org.testng.reporters.JUnitReportReporter -->
<testsuite hostname="DESKTOP-BQF1K81" failures="0" tests="1" name="testcases.OpenBrowserAndUrl_Test" time="15.647" errors="0" timestamp="2022-11-12T21:45:49 IST" skipped="0">
  <testcase classname="testcases.OpenBrowserAndUrl_Test" name="openBrowserAndURL" time="15.647"/>
  <system-out/>
</testsuite> <!-- testcases.OpenBrowserAndUrl_Test -->
