<?xml version="1.0" encoding="UTF-8"?>
<!-- Generated by org.testng.reporters.JUnitReportReporter -->
<testsuite hostname="DESKTOP-BQF1K81" failures="0" tests="1" name="testcases.AddBooksPage_Test" time="2.336" errors="0" timestamp="2022-11-12T21:50:17 IST" skipped="0">
  <testcase classname="testcases.AddBooksPage_Test" name="addbookspage" time="2.336"/>
  <system-out/>
</testsuite> <!-- testcases.AddBooksPage_Test -->
